[2017-09-04 16:06:00] local.ERROR: Symfony\Component\Debug\Exception\FatalThrowableError: Class 'CreateMymoduleMyModuleItemsTable' not found in C:\OpenServer\domains\asgard.dev\vendor\laravel\framework\src\Illuminate\Database\Migrations\Migrator.php:417
Stack trace:
#0 C:\OpenServer\domains\asgard.dev\vendor\laravel\framework\src\Illuminate\Database\Migrations\Migrator.php(168): Illuminate\Database\Migrations\Migrator->resolve('2017_09_04_1506...')
#1 C:\OpenServer\domains\asgard.dev\vendor\laravel\framework\src\Illuminate\Database\Migrations\Migrator.php(146): Illuminate\Database\Migrations\Migrator->runUp('C:\\OpenServer\\d...', 9, false)
#2 C:\OpenServer\domains\asgard.dev\vendor\laravel\framework\src\Illuminate\Database\Migrations\Migrator.php(95): Illuminate\Database\Migrations\Migrator->runPending(Array, Array)
#3 C:\OpenServer\domains\asgard.dev\vendor\laravel\framework\src\Illuminate\Database\Console\Migrations\MigrateCommand.php(69): Illuminate\Database\Migrations\Migrator->run(Array, Array)
#4 [internal function]: Illuminate\Database\Console\Migrations\MigrateCommand->fire()
#5 C:\OpenServer\domains\asgard.dev\vendor\laravel\framework\src\Illuminate\Container\BoundMethod.php(29): call_user_func_array(Array, Array)
#6 C:\OpenServer\domains\asgard.dev\vendor\laravel\framework\src\Illuminate\Container\BoundMethod.php(87): Illuminate\Container\BoundMethod::Illuminate\Container\{closure}()
#7 C:\OpenServer\domains\asgard.dev\vendor\laravel\framework\src\Illuminate\Container\BoundMethod.php(31): Illuminate\Container\BoundMethod::callBoundMethod(Object(Illuminate\Foundation\Application), Array, Object(Closure))
#8 C:\OpenServer\domains\asgard.dev\vendor\laravel\framework\src\Illuminate\Container\Container.php(539): Illuminate\Container\BoundMethod::call(Object(Illuminate\Foundation\Application), Array, Array, NULL)
#9 C:\OpenServer\domains\asgard.dev\vendor\laravel\framework\src\Illuminate\Console\Command.php(182): Illuminate\Container\Container->call(Array)
#10 C:\OpenServer\domains\asgard.dev\vendor\symfony\console\Command\Command.php(264): Illuminate\Console\Command->execute(Object(Symfony\Component\Console\Input\ArgvInput), Object(Illuminate\Console\OutputStyle))
#11 C:\OpenServer\domains\asgard.dev\vendor\laravel\framework\src\Illuminate\Console\Command.php(167): Symfony\Component\Console\Command\Command->run(Object(Symfony\Component\Console\Input\ArgvInput), Object(Illuminate\Console\OutputStyle))
#12 C:\OpenServer\domains\asgard.dev\vendor\symfony\console\Application.php(888): Illuminate\Console\Command->run(Object(Symfony\Component\Console\Input\ArgvInput), Object(Symfony\Component\Console\Output\ConsoleOutput))
#13 C:\OpenServer\domains\asgard.dev\vendor\symfony\console\Application.php(224): Symfony\Component\Console\Application->doRunCommand(Object(Illuminate\Database\Console\Migrations\MigrateCommand), Object(Symfony\Component\Console\Input\ArgvInput), Object(Symfony\Component\Console\Output\ConsoleOutput))
#14 C:\OpenServer\domains\asgard.dev\vendor\symfony\console\Application.php(125): Symfony\Component\Console\Application->doRun(Object(Symfony\Component\Console\Input\ArgvInput), Object(Symfony\Component\Console\Output\ConsoleOutput))
#15 C:\OpenServer\domains\asgard.dev\vendor\laravel\framework\src\Illuminate\Foundation\Console\Kernel.php(122): Symfony\Component\Console\Application->run(Object(Symfony\Component\Console\Input\ArgvInput), Object(Symfony\Component\Console\Output\ConsoleOutput))
#16 C:\OpenServer\domains\asgard.dev\artisan(35): Illuminate\Foundation\Console\Kernel->handle(Object(Symfony\Component\Console\Input\ArgvInput), Object(Symfony\Component\Console\Output\ConsoleOutput))
#17 {main}  
[2017-09-04 16:07:05] local.ERROR: Symfony\Component\Debug\Exception\FatalThrowableError: Class 'CreateMymoduleMyModuleItemTranslationsTable' not found in C:\OpenServer\domains\asgard.dev\vendor\laravel\framework\src\Illuminate\Database\Migrations\Migrator.php:417
Stack trace:
#0 C:\OpenServer\domains\asgard.dev\vendor\laravel\framework\src\Illuminate\Database\Migrations\Migrator.php(168): Illuminate\Database\Migrations\Migrator->resolve('2017_09_04_1506...')
#1 C:\OpenServer\domains\asgard.dev\vendor\laravel\framework\src\Illuminate\Database\Migrations\Migrator.php(146): Illuminate\Database\Migrations\Migrator->runUp('C:\\OpenServer\\d...', 9, false)
#2 C:\OpenServer\domains\asgard.dev\vendor\laravel\framework\src\Illuminate\Database\Migrations\Migrator.php(95): Illuminate\Database\Migrations\Migrator->runPending(Array, Array)
#3 C:\OpenServer\domains\asgard.dev\vendor\laravel\framework\src\Illuminate\Database\Console\Migrations\MigrateCommand.php(69): Illuminate\Database\Migrations\Migrator->run(Array, Array)
#4 [internal function]: Illuminate\Database\Console\Migrations\MigrateCommand->fire()
#5 C:\OpenServer\domains\asgard.dev\vendor\laravel\framework\src\Illuminate\Container\BoundMethod.php(29): call_user_func_array(Array, Array)
#6 C:\OpenServer\domains\asgard.dev\vendor\laravel\framework\src\Illuminate\Container\BoundMethod.php(87): Illuminate\Container\BoundMethod::Illuminate\Container\{closure}()
#7 C:\OpenServer\domains\asgard.dev\vendor\laravel\framework\src\Illuminate\Container\BoundMethod.php(31): Illuminate\Container\BoundMethod::callBoundMethod(Object(Illuminate\Foundation\Application), Array, Object(Closure))
#8 C:\OpenServer\domains\asgard.dev\vendor\laravel\framework\src\Illuminate\Container\Container.php(539): Illuminate\Container\BoundMethod::call(Object(Illuminate\Foundation\Application), Array, Array, NULL)
#9 C:\OpenServer\domains\asgard.dev\vendor\laravel\framework\src\Illuminate\Console\Command.php(182): Illuminate\Container\Container->call(Array)
#10 C:\OpenServer\domains\asgard.dev\vendor\symfony\console\Command\Command.php(264): Illuminate\Console\Command->execute(Object(Symfony\Component\Console\Input\ArgvInput), Object(Illuminate\Console\OutputStyle))
#11 C:\OpenServer\domains\asgard.dev\vendor\laravel\framework\src\Illuminate\Console\Command.php(167): Symfony\Component\Console\Command\Command->run(Object(Symfony\Component\Console\Input\ArgvInput), Object(Illuminate\Console\OutputStyle))
#12 C:\OpenServer\domains\asgard.dev\vendor\symfony\console\Application.php(888): Illuminate\Console\Command->run(Object(Symfony\Component\Console\Input\ArgvInput), Object(Symfony\Component\Console\Output\ConsoleOutput))
#13 C:\OpenServer\domains\asgard.dev\vendor\symfony\console\Application.php(224): Symfony\Component\Console\Application->doRunCommand(Object(Illuminate\Database\Console\Migrations\MigrateCommand), Object(Symfony\Component\Console\Input\ArgvInput), Object(Symfony\Component\Console\Output\ConsoleOutput))
#14 C:\OpenServer\domains\asgard.dev\vendor\symfony\console\Application.php(125): Symfony\Component\Console\Application->doRun(Object(Symfony\Component\Console\Input\ArgvInput), Object(Symfony\Component\Console\Output\ConsoleOutput))
#15 C:\OpenServer\domains\asgard.dev\vendor\laravel\framework\src\Illuminate\Foundation\Console\Kernel.php(122): Symfony\Component\Console\Application->run(Object(Symfony\Component\Console\Input\ArgvInput), Object(Symfony\Component\Console\Output\ConsoleOutput))
#16 C:\OpenServer\domains\asgard.dev\artisan(35): Illuminate\Foundation\Console\Kernel->handle(Object(Symfony\Component\Console\Input\ArgvInput), Object(Symfony\Component\Console\Output\ConsoleOutput))
#17 {main}  
[2017-09-04 16:07:26] local.ERROR: Symfony\Component\Debug\Exception\FatalThrowableError: Class 'CreateMymoduleMyModuleItemTranslationsTable' not found in C:\OpenServer\domains\asgard.dev\vendor\laravel\framework\src\Illuminate\Database\Migrations\Migrator.php:417
Stack trace:
#0 C:\OpenServer\domains\asgard.dev\vendor\laravel\framework\src\Illuminate\Database\Migrations\Migrator.php(168): Illuminate\Database\Migrations\Migrator->resolve('2017_09_04_1506...')
#1 C:\OpenServer\domains\asgard.dev\vendor\laravel\framework\src\Illuminate\Database\Migrations\Migrator.php(146): Illuminate\Database\Migrations\Migrator->runUp('C:\\OpenServer\\d...', 10, false)
#2 C:\OpenServer\domains\asgard.dev\vendor\laravel\framework\src\Illuminate\Database\Migrations\Migrator.php(95): Illuminate\Database\Migrations\Migrator->runPending(Array, Array)
#3 C:\OpenServer\domains\asgard.dev\vendor\laravel\framework\src\Illuminate\Database\Console\Migrations\MigrateCommand.php(69): Illuminate\Database\Migrations\Migrator->run(Array, Array)
#4 [internal function]: Illuminate\Database\Console\Migrations\MigrateCommand->fire()
#5 C:\OpenServer\domains\asgard.dev\vendor\laravel\framework\src\Illuminate\Container\BoundMethod.php(29): call_user_func_array(Array, Array)
#6 C:\OpenServer\domains\asgard.dev\vendor\laravel\framework\src\Illuminate\Container\BoundMethod.php(87): Illuminate\Container\BoundMethod::Illuminate\Container\{closure}()
#7 C:\OpenServer\domains\asgard.dev\vendor\laravel\framework\src\Illuminate\Container\BoundMethod.php(31): Illuminate\Container\BoundMethod::callBoundMethod(Object(Illuminate\Foundation\Application), Array, Object(Closure))
#8 C:\OpenServer\domains\asgard.dev\vendor\laravel\framework\src\Illuminate\Container\Container.php(539): Illuminate\Container\BoundMethod::call(Object(Illuminate\Foundation\Application), Array, Array, NULL)
#9 C:\OpenServer\domains\asgard.dev\vendor\laravel\framework\src\Illuminate\Console\Command.php(182): Illuminate\Container\Container->call(Array)
#10 C:\OpenServer\domains\asgard.dev\vendor\symfony\console\Command\Command.php(264): Illuminate\Console\Command->execute(Object(Symfony\Component\Console\Input\ArgvInput), Object(Illuminate\Console\OutputStyle))
#11 C:\OpenServer\domains\asgard.dev\vendor\laravel\framework\src\Illuminate\Console\Command.php(167): Symfony\Component\Console\Command\Command->run(Object(Symfony\Component\Console\Input\ArgvInput), Object(Illuminate\Console\OutputStyle))
#12 C:\OpenServer\domains\asgard.dev\vendor\symfony\console\Application.php(888): Illuminate\Console\Command->run(Object(Symfony\Component\Console\Input\ArgvInput), Object(Symfony\Component\Console\Output\ConsoleOutput))
#13 C:\OpenServer\domains\asgard.dev\vendor\symfony\console\Application.php(224): Symfony\Component\Console\Application->doRunCommand(Object(Illuminate\Database\Console\Migrations\MigrateCommand), Object(Symfony\Component\Console\Input\ArgvInput), Object(Symfony\Component\Console\Output\ConsoleOutput))
#14 C:\OpenServer\domains\asgard.dev\vendor\symfony\console\Application.php(125): Symfony\Component\Console\Application->doRun(Object(Symfony\Component\Console\Input\ArgvInput), Object(Symfony\Component\Console\Output\ConsoleOutput))
#15 C:\OpenServer\domains\asgard.dev\vendor\laravel\framework\src\Illuminate\Foundation\Console\Kernel.php(122): Symfony\Component\Console\Application->run(Object(Symfony\Component\Console\Input\ArgvInput), Object(Symfony\Component\Console\Output\ConsoleOutput))
#16 C:\OpenServer\domains\asgard.dev\artisan(35): Illuminate\Foundation\Console\Kernel->handle(Object(Symfony\Component\Console\Input\ArgvInput), Object(Symfony\Component\Console\Output\ConsoleOutput))
#17 {main}  
